#
# A fatal error has been detected by the Java Runtime Environment:
#
#  EXCEPTION_ACCESS_VIOLATION (0xc0000005) at pc=0x00000000030f4f01, pid=4220, tid=0x0000000000001954
#
# JRE version: Java(TM) SE Runtime Environment (8.0_121-b13) (build 1.8.0_121-b13)
# Java VM: Java HotSpot(TM) 64-Bit Server VM (25.121-b13 mixed mode windows-amd64 compressed oops)
# Problematic frame:
# J 2969 C2 javafx.scene.Node.updateLocalToParentTransform()V (442 bytes) @ 0x00000000030f4f01 [0x00000000030f4160+0xda1]
#
# Failed to write core dump. Minidumps are not enabled by default on client versions of Windows
#
# If you would like to submit a bug report, please visit:
#   http://bugreport.java.com/bugreport/crash.jsp
# The crash happened outside the Java Virtual Machine in native code.
# See problematic frame for where to report the bug.
#

---------------  T H R E A D  ---------------

Current thread (0x000000001e542800):  JavaThread "Thread-2" daemon [_thread_in_native, id=6484, stack(0x0000000020ba0000,0x0000000020ca0000)]

siginfo: ExceptionCode=0xc0000005, writing address 0x0000000000000000

Registers:
RAX=0x000000000015187e, RBX=0x0000000000151868, RCX=0x0000000000151868, RDX=0x0000000000000000
RSP=0x0000000020c9f6a8, RBP=0x0000000000000000, RSI=0x0000000000000010, RDI=0x0000000064b8e920
R8 =0x0000000053f01a7f, R9 =0x0000000064bf0000, R10=0x0000000000000000, R11=0x0000000020c9f670
R12=0x0000000000000000, R13=0x0000000000000000, R14=0x0000000000000000, R15=0x000007fef9b8ed00
RIP=0x00000000030f4f01, EFLAGS=0x0000000000010206

Top of Stack: (sp=0x0000000020c9f6a8)
0x0000000020c9f6a8:   0000000064b8eab3 000000001e5429f8
0x0000000020c9f6b8:   0000000000000000 000000001d9d2ed0
0x0000000020c9f6c8:   0000000000000000 0000000064b8e920
0x0000000020c9f6d8:   000007fef9b62dde 0000000000000000
0x0000000020c9f6e8:   0000000000000000 0000000000000000
0x0000000020c9f6f8:   0000000000000000 0000000000000000
0x0000000020c9f708:   0000000000000000 0000000064b8e920
0x0000000020c9f718:   000007fef9b6a95d 0000000000151860
0x0000000020c9f728:   0000000000000010 000007fef9b90400
0x0000000020c9f738:   0000000000151860 0000000000151860
0x0000000020c9f748:   0000000000000000 0000000000000000
0x0000000020c9f758:   0000000000000000 0000001000000000
0x0000000020c9f768:   0000000000000000 0000000000000000
0x0000000020c9f778:   0000000000000000 0000000000000000
0x0000000020c9f788:   0000000000000000 0000000000000000
0x0000000020c9f798:   0000000000000000 0000000000000000 

Instructions: (pc=0x00000000030f4f01)
0x00000000030f4ee1:   04 00 00 00 00 00 00 00 00 00 00 00 00 00 00 00
0x00000000030f4ef1:   01 8b 69 00 00 01 00 00 80 04 10 86 00 00 0a 00
0x00000000030f4f01:   d2 02 01 00 01 00 04 00 00 00 00 00 00 00 00 00
0x00000000030f4f11:   00 00 00 00 00 00 01 94 8f 00 00 01 00 00 a6 05 


Register to memory mapping:

RAX=0x000000000015187e is an unknown value
RBX=0x0000000000151868 is an unknown value
RCX=0x0000000000151868 is an unknown value
RDX=0x0000000000000000 is an unknown value
RSP=0x0000000020c9f6a8 is pointing into the stack for thread: 0x000000001e542800
RBP=0x0000000000000000 is an unknown value
RSI=0x0000000000000010 is an unknown value
RDI=0x0000000064b8e920 is an unknown value
R8 =0x0000000053f01a7f is an unknown value
R9 =0x0000000064bf0000 is an unknown value
R10=0x0000000000000000 is an unknown value
R11=0x0000000020c9f670 is pointing into the stack for thread: 0x000000001e542800
R12=0x0000000000000000 is an unknown value
R13=0x0000000000000000 is an unknown value
R14=0x0000000000000000 is an unknown value
R15=0x000007fef9b8ed00 is an unknown value


Stack: [0x0000000020ba0000,0x0000000020ca0000],  sp=0x0000000020c9f6a8,  free space=1021k
Native frames: (J=compiled Java code, j=interpreted, Vv=VM code, C=native code)


---------------  P R O C E S S  ---------------

Java Threads: ( => current thread )
  0x000000001e885800 JavaThread "AWT-Shutdown" [_thread_blocked, id=2344, stack(0x00000000287a0000,0x00000000288a0000)]
  0x000000001e885000 JavaThread "Thread-8" daemon [_thread_in_native, id=6572, stack(0x0000000028520000,0x0000000028620000)]
  0x000000001e883800 JavaThread "Prism Font Disposer" daemon [_thread_blocked, id=2996, stack(0x0000000025bb0000,0x0000000025cb0000)]
  0x000000001e880800 JavaThread "Java2D Disposer" daemon [_thread_blocked, id=5944, stack(0x0000000022a70000,0x0000000022b70000)]
  0x000000001e87f800 JavaThread "Browser Events Thread" [_thread_blocked, id=3480, stack(0x00000000225e0000,0x00000000226e0000)]
  0x000000001e543800 JavaThread "JavaFX-Launcher" [_thread_blocked, id=7716, stack(0x0000000020cc0000,0x0000000020dc0000)]
=>0x000000001e542800 JavaThread "Thread-2" daemon [_thread_in_native, id=6484, stack(0x0000000020ba0000,0x0000000020ca0000)]
  0x000000001e516800 JavaThread "JavaFX Application Thread" [_thread_blocked, id=8036, stack(0x000000001f140000,0x000000001f240000)]
  0x000000001e4ff000 JavaThread "Thread-1" daemon [_thread_blocked, id=1696, stack(0x000000001efd0000,0x000000001f0d0000)]
  0x000000001d9d1800 JavaThread "Service Thread" daemon [_thread_blocked, id=4048, stack(0x000000001e220000,0x000000001e320000)]
  0x000000001d939000 JavaThread "C1 CompilerThread2" daemon [_thread_blocked, id=4368, stack(0x000000001e100000,0x000000001e200000)]
  0x000000001d937000 JavaThread "C2 CompilerThread1" daemon [_thread_blocked, id=7188, stack(0x000000001d670000,0x000000001d770000)]
  0x000000001d935800 JavaThread "C2 CompilerThread0" daemon [_thread_blocked, id=3884, stack(0x000000001de90000,0x000000001df90000)]
  0x000000001d8f8800 JavaThread "Monitor Ctrl-Break" daemon [_thread_in_native, id=7748, stack(0x000000001dd20000,0x000000001de20000)]
  0x000000001c0ef000 JavaThread "Attach Listener" daemon [_thread_blocked, id=7096, stack(0x000000001d7b0000,0x000000001d8b0000)]
  0x000000001c0fe800 JavaThread "Signal Dispatcher" daemon [_thread_blocked, id=2652, stack(0x000000001d4f0000,0x000000001d5f0000)]
  0x000000001c0da800 JavaThread "Finalizer" daemon [_thread_blocked, id=6536, stack(0x000000001d3f0000,0x000000001d4f0000)]
  0x000000001c093800 JavaThread "Reference Handler" daemon [_thread_blocked, id=2752, stack(0x000000001d020000,0x000000001d120000)]
  0x000000000215f800 JavaThread "main" [_thread_blocked, id=2660, stack(0x0000000002400000,0x0000000002500000)]

Other Threads:
  0x000000001c08c000 VMThread [stack: 0x000000001d120000,0x000000001d220000] [id=4348]
  0x000000001d9ff800 WatcherThread [stack: 0x000000001e360000,0x000000001e460000] [id=3588]

VM state:not at safepoint (normal execution)

VM Mutex/Monitor currently owned by a thread: None

Heap:
 PSYoungGen      total 141824K, used 52455K [0x000000076b380000, 0x0000000774880000, 0x00000007c0000000)
  eden space 131072K, 40% used [0x000000076b380000,0x000000076e6b9cf8,0x0000000773380000)
  from space 10752K, 0% used [0x0000000773e00000,0x0000000773e00000,0x0000000774880000)
  to   space 10752K, 0% used [0x0000000773380000,0x0000000773380000,0x0000000773e00000)
 ParOldGen       total 118784K, used 19195K [0x00000006c1a00000, 0x00000006c8e00000, 0x000000076b380000)
  object space 118784K, 16% used [0x00000006c1a00000,0x00000006c2cbecd8,0x00000006c8e00000)
 Metaspace       used 23227K, capacity 24754K, committed 25088K, reserved 1071104K
  class space    used 3440K, capacity 3724K, committed 3840K, reserved 1048576K

Card table byte_map: [0x0000000011b90000,0x0000000012390000] byte_map_base: 0x000000000e583000

Marking Bits: (ParMarkBitMap*) 0x00000000540eb6d0
 Begin Bits: [0x0000000012fd0000, 0x0000000016f68000)
 End Bits:   [0x0000000016f68000, 0x000000001af00000)

Polling page: 0x0000000000330000

CodeCache: size=245760Kb used=12559Kb max_used=12559Kb free=233200Kb
 bounds [0x00000000027d0000, 0x0000000003420000, 0x00000000117d0000]
 total_blobs=4470 nmethods=3723 adapters=658
 compilation: enabled

Compilation events (10 events):
Event: 15.467 Thread 0x000000001d939000 3723       3       java.util.Hashtable$Enumerator::hasMoreElements (53 bytes)
Event: 15.468 Thread 0x000000001d939000 nmethod 3723 0x0000000003418810 code [0x0000000003418980, 0x0000000003418c70]
Event: 15.468 Thread 0x000000001d939000 3721       3       java.util.logging.LogManager::access$100 (4 bytes)
Event: 15.468 Thread 0x000000001d939000 nmethod 3721 0x0000000003418510 code [0x0000000003418660, 0x0000000003418790]
Event: 15.468 Thread 0x000000001d939000 3722       3       java.util.logging.LogManager$LoggerContext::requiresDefaultLoggers (29 bytes)
Event: 15.469 Thread 0x000000001d939000 nmethod 3722 0x0000000003417e50 code [0x0000000003417fc0, 0x0000000003418408]
Event: 15.469 Thread 0x000000001d939000 3725       3       jdk.internal.org.objectweb.asm.Item::isEqualTo (354 bytes)
Event: 15.471 Thread 0x000000001d939000 nmethod 3725 0x00000000034167d0 code [0x0000000003416a00, 0x0000000003417708]
Event: 15.471 Thread 0x000000001d939000 3724       3       java.util.Hashtable$Enumerator::nextElement (111 bytes)
Event: 15.471 Thread 0x000000001d939000 nmethod 3724 0x0000000003415f90 code [0x0000000003416120, 0x00000000034165c8]

GC Heap History (6 events):
Event: 1.880 GC heap before
{Heap before GC invocations=1 (full 0):
 PSYoungGen      total 76288K, used 65523K [0x000000076b380000, 0x0000000770880000, 0x00000007c0000000)
  eden space 65536K, 99% used [0x000000076b380000,0x000000076f37cd30,0x000000076f380000)
  from space 10752K, 0% used [0x000000076fe00000,0x000000076fe00000,0x0000000770880000)
  to   space 10752K, 0% used [0x000000076f380000,0x000000076f380000,0x000000076fe00000)
 ParOldGen       total 175104K, used 0K [0x00000006c1a00000, 0x00000006cc500000, 0x000000076b380000)
  object space 175104K, 0% used [0x00000006c1a00000,0x00000006c1a00000,0x00000006cc500000)
 Metaspace       used 13457K, capacity 13842K, committed 13952K, reserved 1060864K
  class space    used 1817K, capacity 1917K, committed 1920K, reserved 1048576K
Event: 1.946 GC heap after
Heap after GC invocations=1 (full 0):
 PSYoungGen      total 76288K, used 10744K [0x000000076b380000, 0x0000000774880000, 0x00000007c0000000)
  eden space 65536K, 0% used [0x000000076b380000,0x000000076b380000,0x000000076f380000)
  from space 10752K, 99% used [0x000000076f380000,0x000000076fdfe3f0,0x000000076fe00000)
  to   space 10752K, 0% used [0x0000000773e00000,0x0000000773e00000,0x0000000774880000)
 ParOldGen       total 175104K, used 3336K [0x00000006c1a00000, 0x00000006cc500000, 0x000000076b380000)
  object space 175104K, 1% used [0x00000006c1a00000,0x00000006c1d423a8,0x00000006cc500000)
 Metaspace       used 13457K, capacity 13842K, committed 13952K, reserved 1060864K
  class space    used 1817K, capacity 1917K, committed 1920K, reserved 1048576K
}
Event: 4.083 GC heap before
{Heap before GC invocations=2 (full 0):
 PSYoungGen      total 76288K, used 39593K [0x000000076b380000, 0x0000000774880000, 0x00000007c0000000)
  eden space 65536K, 44% used [0x000000076b380000,0x000000076cfac080,0x000000076f380000)
  from space 10752K, 99% used [0x000000076f380000,0x000000076fdfe3f0,0x000000076fe00000)
  to   space 10752K, 0% used [0x0000000773e00000,0x0000000773e00000,0x0000000774880000)
 ParOldGen       total 175104K, used 3336K [0x00000006c1a00000, 0x00000006cc500000, 0x000000076b380000)
  object space 175104K, 1% used [0x00000006c1a00000,0x00000006c1d423a8,0x00000006cc500000)
 Metaspace       used 20242K, capacity 21068K, committed 21248K, reserved 1067008K
  class space    used 2985K, capacity 3204K, committed 3328K, reserved 1048576K
Event: 4.093 GC heap after
Heap after GC invocations=2 (full 0):
 PSYoungGen      total 141824K, used 10728K [0x000000076b380000, 0x0000000774880000, 0x00000007c0000000)
  eden space 131072K, 0% used [0x000000076b380000,0x000000076b380000,0x0000000773380000)
  from space 10752K, 99% used [0x0000000773e00000,0x000000077487a3d0,0x0000000774880000)
  to   space 10752K, 0% used [0x0000000773380000,0x0000000773380000,0x0000000773e00000)
 ParOldGen       total 175104K, used 8659K [0x00000006c1a00000, 0x00000006cc500000, 0x000000076b380000)
  object space 175104K, 4% used [0x00000006c1a00000,0x00000006c2274f20,0x00000006cc500000)
 Metaspace       used 20242K, capacity 21068K, committed 21248K, reserved 1067008K
  class space    used 2985K, capacity 3204K, committed 3328K, reserved 1048576K
}
Event: 4.093 GC heap before
{Heap before GC invocations=3 (full 1):
 PSYoungGen      total 141824K, used 10728K [0x000000076b380000, 0x0000000774880000, 0x00000007c0000000)
  eden space 131072K, 0% used [0x000000076b380000,0x000000076b380000,0x0000000773380000)
  from space 10752K, 99% used [0x0000000773e00000,0x000000077487a3d0,0x0000000774880000)
  to   space 10752K, 0% used [0x0000000773380000,0x0000000773380000,0x0000000773e00000)
 ParOldGen       total 175104K, used 8659K [0x00000006c1a00000, 0x00000006cc500000, 0x000000076b380000)
  object space 175104K, 4% used [0x00000006c1a00000,0x00000006c2274f20,0x00000006cc500000)
 Metaspace       used 20242K, capacity 21068K, committed 21248K, reserved 1067008K
  class space    used 2985K, capacity 3204K, committed 3328K, reserved 1048576K
Event: 4.152 GC heap after
Heap after GC invocations=3 (full 1):
 PSYoungGen      total 141824K, used 0K [0x000000076b380000, 0x0000000774880000, 0x00000007c0000000)
  eden space 131072K, 0% used [0x000000076b380000,0x000000076b380000,0x0000000773380000)
  from space 10752K, 0% used [0x0000000773e00000,0x0000000773e00000,0x0000000774880000)
  to   space 10752K, 0% used [0x0000000773380000,0x0000000773380000,0x0000000773e00000)
 ParOldGen       total 118784K, used 19195K [0x00000006c1a00000, 0x00000006c8e00000, 0x000000076b380000)
  object space 118784K, 16% used [0x00000006c1a00000,0x00000006c2cbecd8,0x00000006c8e00000)
 Metaspace       used 20242K, capacity 21068K, committed 21248K, reserved 1067008K
  class space    used 2985K, capacity 3204K, committed 3328K, reserved 1048576K
}

Deoptimization events (10 events):
Event: 5.185 Thread 0x000000001e4ec800 Uncommon trap: reason=unstable_if action=reinterpret pc=0x0000000002ee4470 method=com.sun.javafx.font.CompositeStrike.getStrikeSlot(I)Lcom/sun/javafx/font/FontStrike; @ 8
Event: 6.464 Thread 0x000000001e516800 Uncommon trap: reason=unstable_if action=reinterpret pc=0x00000000030d8414 method=java.lang.StrictMath.floorOrCeil(DDDD)D @ 38
Event: 6.469 Thread 0x000000001e516800 Uncommon trap: reason=null_check action=make_not_entrant pc=0x000000000317bf04 method=javafx.scene.CssStyleHelper.getCachedFont(Ljavafx/css/Styleable;)Lcom/sun/javafx/css/CalculatedValue; @ 1
Event: 6.469 Thread 0x000000001e516800 Uncommon trap: reason=unstable_if action=reinterpret pc=0x0000000002cb2e74 method=javafx.scene.CssStyleHelper.lookup(Ljavafx/css/Styleable;Ljavafx/css/CssMetaData;Lcom/sun/javafx/css/StyleMap;Ljava/util/Set;Ljavafx/css/Styleable;Lcom/sun/javafx/css/Calcul
Event: 6.496 Thread 0x000000001e516800 Uncommon trap: reason=unstable_if action=reinterpret pc=0x0000000002f27e3c method=jdk.internal.org.objectweb.asm.Item.isEqualTo(Ljdk/internal/org/objectweb/asm/Item;)Z @ 331
Event: 9.722 Thread 0x000000001e516800 Uncommon trap: reason=unstable_if action=reinterpret pc=0x00000000032c6824 method=com.sun.javafx.css.StyleManager$CacheContainer.getStyleCache()Ljava/util/Map; @ 4
Event: 13.620 Thread 0x000000001e516800 Uncommon trap: reason=unstable_if action=reinterpret pc=0x0000000003314114 method=javafx.scene.Node$MiscProperties.isDisable()Z @ 4
Event: 13.620 Thread 0x000000001e516800 Uncommon trap: reason=unstable_if action=reinterpret pc=0x00000000032de07c method=javafx.scene.Node$MiscProperties.isDisable()Z @ 4
Event: 14.675 Thread 0x000000001e516800 Uncommon trap: reason=bimorphic action=maybe_recompile pc=0x000000000338a8a8 method=com.sun.javafx.event.EventHandlerManager.fixEventSource(Ljavafx/event/Event;Ljava/lang/Object;)Ljavafx/event/Event; @ 1
Event: 14.694 Thread 0x000000001e516800 Uncommon trap: reason=unstable_if action=reinterpret pc=0x000000000306c278 method=java.util.HashMap.removeNode(ILjava/lang/Object;Ljava/lang/Object;ZZ)Ljava/util/HashMap$Node; @ 46

Internal exceptions (10 events):
Event: 0.261 Thread 0x000000000215f800 Exception <a 'java/lang/NullPointerException'> (0x000000076b9a7860) thrown at [C:\re\workspace\8-2-build-windows-amd64-cygwin\jdk8u121\8372\hotspot\src\share\vm\interpreter\linkResolver.cpp, line 1178]
Event: 0.292 Thread 0x000000000215f800 Implicit null exception at 0x00000000028e8fd5 to 0x00000000028e91c5
Event: 1.535 Thread 0x000000001e516800 Exception <a 'java/io/FileNotFoundException'> (0x000000076c31c1f0) thrown at [C:\re\workspace\8-2-build-windows-amd64-cygwin\jdk8u121\8372\hotspot\src\share\vm\prims\jni.cpp, line 709]
Event: 1.579 Thread 0x000000001e516800 Exception <a 'java/io/FileNotFoundException'> (0x000000076e3c82a8) thrown at [C:\re\workspace\8-2-build-windows-amd64-cygwin\jdk8u121\8372\hotspot\src\share\vm\prims\jni.cpp, line 709]
Event: 1.672 Thread 0x000000001e516800 Exception <a 'java/lang/NullPointerException'> (0x000000076e721168) thrown at [C:\re\workspace\8-2-build-windows-amd64-cygwin\jdk8u121\8372\hotspot\src\share\vm\interpreter\linkResolver.cpp, line 1178]
Event: 1.672 Thread 0x000000001e516800 Exception <a 'java/lang/NullPointerException'> (0x000000076e721168) thrown at [C:\re\workspace\8-2-build-windows-amd64-cygwin\jdk8u121\8372\hotspot\src\share\vm\prims\jvm.cpp, line 1394]
Event: 4.785 Thread 0x000000001e516800 Implicit null exception at 0x0000000002e5f830 to 0x0000000002e61725
Event: 6.469 Thread 0x000000001e516800 Implicit null exception at 0x0000000003173230 to 0x000000000317bed5
Event: 9.722 Thread 0x000000001e516800 Implicit null exception at 0x00000000032bc257 to 0x00000000032c6815
Event: 15.474 Thread 0x000000001e542800 Exception <a 'java/lang/IncompatibleClassChangeError'> (0x000000076d488b70) thrown at [C:\re\workspace\8-2-build-windows-amd64-cygwin\jdk8u121\8372\hotspot\src\share\vm\oops\instanceKlass.cpp, line 2838]

Events (10 events):
Event: 15.468 loading class javafx/application/Application done
Event: 15.472 Executing VM operation: RevokeBias
Event: 15.473 Executing VM operation: RevokeBias done
Event: 15.474 loading class com/sun/javafx/tk/quantum/QuantumRenderer
Event: 15.474 loading class com/sun/javafx/tk/quantum/QuantumRenderer done
Event: 15.474 Thread 0x000000001e885800 Thread added: 0x000000001e885800
Event: 15.474 Thread 0x000000001e87c000 Thread exited: 0x000000001e87c000
Event: 15.474 Thread 0x000000001e87b000 Thread exited: 0x000000001e87b000
Event: 15.474 loading class com/sun/javafx/tk/quantum/QuantumToolkit
Event: 15.474 loading class com/sun/javafx/tk/quantum/QuantumToolkit done


Dynamic libraries:
0x000000013f680000 - 0x000000013f6b7000 	C:\Program Files\Java\jdk1.8.0_121\bin\java.exe
0x00000000777c0000 - 0x000000007796a000 	C:\Windows\SYSTEM32\ntdll.dll
0x00000000776a0000 - 0x00000000777bf000 	C:\Windows\system32\kernel32.dll
0x000007fefd680000 - 0x000007fefd6ea000 	C:\Windows\system32\KERNELBASE.dll
0x000007fefd920000 - 0x000007fefd9fb000 	C:\Windows\system32\ADVAPI32.dll
0x000007fefe1a0000 - 0x000007fefe23f000 	C:\Windows\system32\msvcrt.dll
0x000007fefe180000 - 0x000007fefe19f000 	C:\Windows\SYSTEM32\sechost.dll
0x000007feff8a0000 - 0x000007feff9cd000 	C:\Windows\system32\RPCRT4.dll
0x00000000775a0000 - 0x000000007769a000 	C:\Windows\system32\USER32.dll
0x000007feff560000 - 0x000007feff5c7000 	C:\Windows\system32\GDI32.dll
0x000007feff550000 - 0x000007feff55e000 	C:\Windows\system32\LPK.dll
0x000007feff9d0000 - 0x000007feffa9a000 	C:\Windows\system32\USP10.dll
0x000007fefbdb0000 - 0x000007fefbfa4000 	C:\Windows\WinSxS\amd64_microsoft.windows.common-controls_6595b64144ccf1df_6.0.7601.18837_none_fa3b1e3d17594757\COMCTL32.dll
0x000007feff820000 - 0x000007feff891000 	C:\Windows\system32\SHLWAPI.dll
0x000007feffaa0000 - 0x000007fefface000 	C:\Windows\system32\IMM32.DLL
0x000007fefe570000 - 0x000007fefe679000 	C:\Windows\system32\MSCTF.dll
0x0000000064bf0000 - 0x0000000064cc2000 	C:\Program Files\Java\jdk1.8.0_121\jre\bin\msvcr100.dll
0x00000000538d0000 - 0x000000005416b000 	C:\Program Files\Java\jdk1.8.0_121\jre\bin\server\jvm.dll
0x000007fef8c40000 - 0x000007fef8c49000 	C:\Windows\system32\WSOCK32.dll
0x000007fefe130000 - 0x000007fefe17d000 	C:\Windows\system32\WS2_32.dll
0x000007fefd910000 - 0x000007fefd918000 	C:\Windows\system32\NSI.dll
0x000007fef9b60000 - 0x000007fef9b9b000 	C:\Windows\system32\WINMM.dll
0x000007fefc590000 - 0x000007fefc59c000 	C:\Windows\system32\VERSION.dll
0x0000000077980000 - 0x0000000077987000 	C:\Windows\system32\PSAPI.DLL
0x0000000074240000 - 0x000000007424f000 	C:\Program Files\Java\jdk1.8.0_121\jre\bin\verify.dll
0x00000000721e0000 - 0x0000000072209000 	C:\Program Files\Java\jdk1.8.0_121\jre\bin\java.dll
0x00000000678b0000 - 0x00000000678d3000 	C:\Program Files\Java\jdk1.8.0_121\jre\bin\instrument.dll
0x0000000072220000 - 0x0000000072236000 	C:\Program Files\Java\jdk1.8.0_121\jre\bin\zip.dll
0x000007fefe680000 - 0x000007feff40a000 	C:\Windows\system32\SHELL32.dll
0x000007fefdf30000 - 0x000007fefe12c000 	C:\Windows\system32\ole32.dll
0x000007fefd4b0000 - 0x000007fefd4bf000 	C:\Windows\system32\profapi.dll
0x000007feee9a0000 - 0x000007feee9ba000 	C:\Program Files\JetBrains\IntelliJ IDEA 171.4249.4\bin\breakgen64.dll
0x00000000721c0000 - 0x00000000721da000 	C:\Program Files\Java\jdk1.8.0_121\jre\bin\net.dll
0x000007fefcc80000 - 0x000007fefccd5000 	C:\Windows\system32\mswsock.dll
0x000007fefcc70000 - 0x000007fefcc77000 	C:\Windows\System32\wship6.dll
0x000007feea6a0000 - 0x000007feea78f000 	C:\Program Files\Java\jdk1.8.0_121\jre\bin\msvcr120.dll
0x000007feedd40000 - 0x000007feedde6000 	C:\Program Files\Java\jdk1.8.0_121\jre\bin\msvcp120.dll
0x0000000064bc0000 - 0x0000000064be2000 	C:\Program Files\Java\jdk1.8.0_121\jre\bin\prism_d3d.dll
0x000007feeeb80000 - 0x000007feeed7f000 	C:\Windows\system32\d3d9.dll
0x000007feedab0000 - 0x000007feedab7000 	C:\Windows\system32\d3d8thk.dll
0x000007fefb7a0000 - 0x000007fefb7b8000 	C:\Windows\system32\dwmapi.dll
0x000007fefbbd0000 - 0x000007fefbc26000 	C:\Windows\system32\uxtheme.dll
0x000007fefda00000 - 0x000007fefdbd7000 	C:\Windows\system32\SETUPAPI.dll
0x000007fefd510000 - 0x000007fefd546000 	C:\Windows\system32\CFGMGR32.dll
0x000007feff410000 - 0x000007feff4ea000 	C:\Windows\system32\OLEAUT32.dll
0x000007fefd550000 - 0x000007fefd56a000 	C:\Windows\system32\DEVOBJ.dll
0x0000000064b70000 - 0x0000000064bb3000 	C:\Program Files\Java\jdk1.8.0_121\jre\bin\glass.dll
0x000007fefd870000 - 0x000007fefd907000 	C:\Windows\system32\COMDLG32.dll
0x000007fefd350000 - 0x000007fefd35f000 	C:\Windows\system32\CRYPTBASE.dll
0x000007fefcce0000 - 0x000007fefccf8000 	C:\Windows\system32\CRYPTSP.dll
0x000007fefc9e0000 - 0x000007fefca27000 	C:\Windows\system32\rsaenh.dll
0x000007fefd4d0000 - 0x000007fefd4ee000 	C:\Windows\system32\USERENV.dll
0x000007fef9430000 - 0x000007fef9457000 	C:\Windows\system32\IPHLPAPI.DLL
0x000007fef9410000 - 0x000007fef941b000 	C:\Windows\system32\WINNSI.DLL
0x000007fef8090000 - 0x000007fef80a8000 	C:\Windows\system32\dhcpcsvc.DLL
0x000007fef8070000 - 0x000007fef8081000 	C:\Windows\system32\dhcpcsvc6.DLL
0x000000006f750000 - 0x000000006f761000 	C:\Program Files\Java\jdk1.8.0_121\jre\bin\nio.dll
0x000007feedd00000 - 0x000007feedd3b000 	C:\Users\w7pro\AppData\Local\JxBrowser\jxbrowser-chromium-55.0.2883.87.6.13\data\Temp\jxbrowser-common64-6beae906-accd-42ac-9394-e0f3d109bd7b.dll
0x000007fef9cd0000 - 0x000007fef9cd3000 	C:\Windows\system32\api-ms-win-core-synch-l1-2-0.DLL
0x000007fefd2f0000 - 0x000007fefd347000 	C:\Windows\system32\apphelp.dll
0x00000000524c0000 - 0x0000000052658000 	C:\Program Files\Java\jdk1.8.0_121\jre\bin\awt.dll
0x000007fedb7f0000 - 0x000007fedb90d000 	C:\Windows\system32\opengl32.dll
0x000007fee38e0000 - 0x000007fee390d000 	C:\Windows\system32\GLU32.dll
0x000007fedb670000 - 0x000007fedb761000 	C:\Windows\system32\DDRAW.dll
0x000007feed9b0000 - 0x000007feed9b8000 	C:\Windows\system32\DCIMAN32.dll
0x00000000571e0000 - 0x0000000057203000 	C:\Program Files\Java\jdk1.8.0_121\jre\bin\javafx_iio.dll
0x000000005ecf0000 - 0x000000005ed04000 	C:\Program Files\Java\jdk1.8.0_121\jre\bin\javafx_font.dll
0x000007fef2c70000 - 0x000007fef2e07000 	C:\Windows\system32\dwrite.dll
0x000007feff5f0000 - 0x000007feff689000 	C:\Windows\system32\CLBCatQ.DLL
0x000007fefb5f0000 - 0x000007fefb751000 	C:\Windows\system32\WindowsCodecs.dll
0x000007fef7ce0000 - 0x000007fef7ef2000 	C:\Users\w7pro\AppData\Local\Microsoft\OneDrive\17.3.6799.0327\amd64\FileSyncShell64.dll
0x000007fefe240000 - 0x000007fefe561000 	C:\Windows\system32\WININET.dll
0x000007fefd500000 - 0x000007fefd504000 	C:\Windows\system32\api-ms-win-downlevel-user32-l1-1-0.dll
0x000007fefd4f0000 - 0x000007fefd4f4000 	C:\Windows\system32\api-ms-win-downlevel-shlwapi-l1-1-0.dll
0x000007fefd620000 - 0x000007fefd624000 	C:\Windows\system32\api-ms-win-downlevel-version-l1-1-0.dll
0x000007fefd610000 - 0x000007fefd613000 	C:\Windows\system32\api-ms-win-downlevel-normaliz-l1-1-0.dll
0x0000000077990000 - 0x0000000077993000 	C:\Windows\system32\normaliz.DLL
0x000007fefdc60000 - 0x000007fefdf2a000 	C:\Windows\system32\iertutil.dll
0x000007fefd670000 - 0x000007fefd675000 	C:\Windows\system32\api-ms-win-downlevel-advapi32-l1-1-0.dll
0x000007fef8c50000 - 0x000007fef8c6f000 	C:\Users\w7pro\AppData\Local\Microsoft\OneDrive\17.3.6799.0327\amd64\LoggingPlatform64.DLL
0x000007fef81e0000 - 0x000007fef8225000 	C:\Program Files (x86)\Dropbox\Client\DropboxExt64.16.0.dll
0x000007fefbc30000 - 0x000007fefbd5c000 	C:\Windows\system32\propsys.dll
0x000007fefb5c0000 - 0x000007fefb5ed000 	C:\Windows\system32\ntmarta.dll
0x000007feff4f0000 - 0x000007feff542000 	C:\Windows\system32\WLDAP32.dll
0x000007fef9350000 - 0x000007fef936f000 	C:\Windows\system32\thumbcache.dll
0x000007fef67b0000 - 0x000007fef681b000 	C:\Windows\system32\PhotoMetadataHandler.dll
0x000007feedcd0000 - 0x000007feedcfd000 	C:\Program Files\Common Files\Microsoft Shared\Ink\rtscom.dll
0x00000000571c0000 - 0x00000000571d1000 	C:\Program Files\Java\jdk1.8.0_121\jre\bin\prism_common.dll

VM Arguments:
jvm_args: -javaagent:C:\Program Files\JetBrains\IntelliJ IDEA 171.4249.4\lib\idea_rt.jar=58040:C:\Program Files\JetBrains\IntelliJ IDEA 171.4249.4\bin -Dfile.encoding=UTF-8 
java_command: team_f.client.gui.Client
java_class_path (initial): C:\Program Files\Java\jdk1.8.0_121\jre\lib\charsets.jar;C:\Program Files\Java\jdk1.8.0_121\jre\lib\deploy.jar;C:\Program Files\Java\jdk1.8.0_121\jre\lib\ext\access-bridge-64.jar;C:\Program Files\Java\jdk1.8.0_121\jre\lib\ext\cldrdata.jar;C:\Program Files\Java\jdk1.8.0_121\jre\lib\ext\dnsns.jar;C:\Program Files\Java\jdk1.8.0_121\jre\lib\ext\jaccess.jar;C:\Program Files\Java\jdk1.8.0_121\jre\lib\ext\jfxrt.jar;C:\Program Files\Java\jdk1.8.0_121\jre\lib\ext\localedata.jar;C:\Program Files\Java\jdk1.8.0_121\jre\lib\ext\nashorn.jar;C:\Program Files\Java\jdk1.8.0_121\jre\lib\ext\sunec.jar;C:\Program Files\Java\jdk1.8.0_121\jre\lib\ext\sunjce_provider.jar;C:\Program Files\Java\jdk1.8.0_121\jre\lib\ext\sunmscapi.jar;C:\Program Files\Java\jdk1.8.0_121\jre\lib\ext\sunpkcs11.jar;C:\Program Files\Java\jdk1.8.0_121\jre\lib\ext\zipfs.jar;C:\Program Files\Java\jdk1.8.0_121\jre\lib\javaws.jar;C:\Program Files\Java\jdk1.8.0_121\jre\lib\jce.jar;C:\Program Files\Java\jdk1.8.0_121\jre\lib\jfr.jar;C:\Program Files\Java\jdk1.8.0_121\jre\lib\jfxswt.jar;C:\Program Files\Java\jdk1.8.0_121\jre\lib\jsse.jar;C:\Program Files\Java\jdk1.8.0_121\jre\lib\management-agent.jar;C:\Program Files\Java\jdk1.8.0_121\jre\lib\plugin.jar;C:\Program Files\Java\jdk1.8.0_121\jre\lib\resources.jar;C:\Program Files\Java\jdk1.8.0_121\jre\lib\rt.jar;C:\Users\w7pro\IdeaProjects\ConcertMaster\Client\target\classes;C:\Users\w7pro\.m2\repository\com\teamdev\jxbrowser\jxbrowser-win\6.13\jxbrowser-win-6.13.jar;C:\Users\w7pro\.m2\repository\com\teamdev\jxbrowser\jxbrowser\6.13\jxbrowser-6.13.jar;C:\Users\w7pro\.m2\repository\com\teamdev\jxbrowser\jxbrowser-linux32\6.13\jxbrowser-linux32-6.13.jar;C:\Users\w7pro\.m2\repository\com\teamdev\jxbrowser\jxbrowser-linux64\6.13\jxbrowser-linux64-6.13.jar;C:\Users\w7pro\.m2\repository\com\teamdev\jxbrowser\jxbrowser-mac\6.13\jxbrowser-mac-6.13.jar;C:\Program Files\JetBrains\IntelliJ IDEA 171.4249.4\lib\idea_rt.jar
Launcher Type: SUN_STANDARD

Environment Variables:
JRE_HOME=C:\Program Files\Java\jre1.8.0_121
PATH=C:\app\obi5747\product\12.1.0\dbhome_3\bin;C:\Program Files\Common Files\Microsoft Shared\Windows Live;C:\ProgramData\Oracle\Java\javapath;C:\Program Files (x86)\Intel\iCLS Client\;C:\Program Files\Intel\iCLS Client\;C:\Windows\system32;C:\Windows;C:\Windows\System32\Wbem;C:\Windows\System32\WindowsPowerShell\v1.0\;C:\Program Files (x86)\Intel\Intel(R) Management Engine Components\DAL;C:\Program Files\Intel\Intel(R) Management Engine Components\DAL;C:\Program Files (x86)\Intel\Intel(R) Management Engine Components\IPT;C:\Program Files\Intel\Intel(R) Management Engine Components\IPT;C:\Program Files (x86)\Skype\Phone\;C:\Program Files\Git\cmd;C:\Program Files\PuTTY\;C:\Program Files\Microsoft SQL Server\130\Tools\Binn\;C:\Program Files (x86)\Windows Kits\8.1\Windows Performance Toolkit\;C:\Program Files\Common Files\Microsoft Shared\Windows Live
USERNAME=w7pro
OS=Windows_NT
PROCESSOR_IDENTIFIER=Intel64 Family 6 Model 61 Stepping 4, GenuineIntel



---------------  S Y S T E M  ---------------

OS: Windows 7 , 64 bit Build 7601 (6.1.7601.23714)

CPU:total 4 (2 cores per cpu, 2 threads per core) family 6 model 61 stepping 4, cmov, cx8, fxsr, mmx, sse, sse2, sse3, ssse3, sse4.1, sse4.2, popcnt, avx, avx2, aes, clmul, erms, 3dnowpref, lzcnt, ht, tsc, tscinvbit, bmi1, bmi2, adx

Memory: 4k page, physical 16665712k(6233576k free), swap 33329564k(21723636k free)

vm_info: Java HotSpot(TM) 64-Bit Server VM (25.121-b13) for windows-amd64 JRE (1.8.0_121-b13), built on Dec 12 2016 18:21:36 by "java_re" with MS VC++ 10.0 (VS2010)

time: Sat Apr 29 10:11:28 2017
elapsed time: 15 seconds (0d 0h 0m 15s)

